<?xml version="1.0" encoding="UTF-8"?>
<!-- Generated by org.testng.reporters.JUnitReportReporter -->
<testsuite skipped="1" hostname="DESKTOP-0ROPM66" name="sample.test.LoginTest" tests="2" failures="0" timestamp="19 Sep 2021 07:30:51 GMT" time="0.360" errors="0">
  <testcase name="loginPageLogo" time="0.360" classname="sample.test.LoginTest"/>
  <testcase name="enterLoginCredAndSubmit" classname="sample.test.LoginTest">
    <skipped/>
  </testcase> <!-- enterLoginCredAndSubmit -->
</testsuite> <!-- sample.test.LoginTest -->
