<?xml version="1.0" encoding="UTF-8"?>
<!-- Generated by org.testng.reporters.JUnitReportReporter -->
<testsuite skipped="0" hostname="DESKTOP-0ROPM66" name="sample.test.LoginTest" tests="2" failures="0" timestamp="20 Sep 2021 06:14:19 GMT" time="2.939" errors="0">
  <testcase name="loginPageLogo" time="0.616" classname="sample.test.LoginTest"/>
  <testcase name="enterLoginCredAndSubmit" time="2.323" classname="sample.test.LoginTest"/>
</testsuite> <!-- sample.test.LoginTest -->
